TN:
SF:src/app.ts
FN:33,createApp
FN:45,(anonymous_1)
FN:65,(anonymous_2)
FN:82,(anonymous_3)
FN:91,(anonymous_4)
FN:98,(anonymous_5)
FNF:6
FNH:6
FNDA:24,createApp
FNDA:23,(anonymous_1)
FNDA:48,(anonymous_2)
FNDA:23,(anonymous_3)
FNDA:23,(anonymous_4)
FNDA:2,(anonymous_5)
DA:34,24
DA:37,24
DA:38,24
DA:41,24
DA:42,24
DA:45,24
DA:46,23
DA:47,23
DA:48,23
DA:49,23
DA:50,23
DA:54,23
DA:55,0
DA:60,23
DA:65,48
DA:69,24
DA:79,24
DA:82,24
DA:84,23
DA:85,23
DA:89,24
DA:91,23
DA:95,24
DA:99,2
DA:100,2
DA:104,2
DA:109,24
DA:110,24
DA:111,24
DA:112,24
DA:121,24
DA:122,24
DA:123,24
DA:124,24
DA:125,24
DA:126,24
DA:127,24
DA:128,24
DA:129,24
DA:130,24
DA:131,24
DA:132,24
DA:133,24
DA:134,24
DA:135,24
DA:136,24
DA:137,24
DA:138,24
DA:139,24
DA:142,24
DA:144,24
DA:147,1
LF:52
LH:51
BRDA:37,0,0,0
BRDA:37,0,1,24
BRDA:54,1,0,0
BRDA:54,1,1,23
BRDA:65,2,0,24
BRDA:65,2,1,0
BRDA:99,3,0,2
BRDA:99,3,1,2
BRDA:99,3,2,0
BRDA:100,4,0,2
BRDA:100,4,1,0
BRDA:101,5,0,2
BRDA:101,5,1,2
BRDA:104,6,0,2
BRDA:104,6,1,0
BRF:15
BRH:9
end_of_record
TN:
SF:src/config/app.config.ts
FNF:0
FNH:0
DA:2,20
DA:6,20
DA:11,20
LF:3
LH:3
BRDA:12,0,0,20
BRDA:12,0,1,0
BRDA:13,1,0,20
BRDA:13,1,1,0
BRDA:14,2,0,20
BRDA:14,2,1,0
BRDA:17,3,0,20
BRDA:17,3,1,0
BRDA:17,4,0,0
BRDA:17,4,1,0
BRF:10
BRH:4
end_of_record
TN:
SF:src/config/authlete.config.ts
FNF:0
FNH:0
DA:3,19
DA:9,19
DA:15,19
LF:3
LH:3
BRDA:10,0,0,19
BRDA:10,0,1,19
BRDA:11,1,0,19
BRDA:11,1,1,19
BRDA:12,2,0,19
BRDA:12,2,1,19
BRDA:16,3,0,19
BRDA:16,3,1,0
BRF:8
BRH:7
end_of_record
TN:
SF:src/controllers/authorization-response.handler.ts
FN:4,sendAuthorizationIssueResponse
FNF:1
FNH:0
FNDA:0,sendAuthorizationIssueResponse
DA:5,0
DA:7,0
DA:10,0
DA:14,0
DA:17,0
DA:18,0
DA:19,0
DA:20,0
DA:23,0
LF:9
LH:0
BRDA:5,0,0,0
BRDA:5,0,1,0
BRDA:5,0,2,0
BRDA:5,0,3,0
BRDA:5,0,4,0
BRDA:14,1,0,0
BRDA:14,1,1,0
BRF:7
BRH:0
end_of_record
TN:
SF:src/controllers/authorization.controller.ts
FN:13,(anonymous_0)
FN:57,(anonymous_1)
FNF:2
FNH:2
FNDA:10,(anonymous_0)
FNDA:2,(anonymous_1)
DA:10,2
DA:12,2
DA:18,10
DA:19,10
DA:20,10
DA:23,10
DA:24,1
DA:28,9
DA:30,8
DA:32,1
DA:35,1
DA:38,1
DA:41,1
DA:42,1
DA:43,1
DA:44,1
DA:47,1
DA:50,2
DA:57,2
DA:64,2
DA:65,2
DA:68,2
DA:69,2
DA:70,2
DA:73,1
DA:76,1
DA:77,1
DA:78,1
DA:79,1
LF:29
LH:29
BRDA:19,0,0,10
BRDA:19,0,1,0
BRDA:23,1,0,1
BRDA:23,1,1,9
BRDA:30,2,0,8
BRDA:30,2,1,1
BRDA:30,2,2,1
BRDA:30,2,3,1
BRDA:30,2,4,1
BRDA:30,2,5,2
BRDA:30,2,6,1
BRDA:38,3,0,1
BRDA:38,3,1,0
BRDA:47,4,0,1
BRDA:47,4,1,0
BRDA:51,5,0,2
BRDA:51,5,1,0
BRDA:52,6,0,2
BRDA:52,6,1,0
BRDA:53,7,0,2
BRDA:53,7,1,1
BRDA:55,8,0,2
BRDA:55,8,1,0
BRDA:57,9,0,2
BRDA:57,9,1,0
BRDA:59,10,0,2
BRDA:59,10,1,2
BRDA:76,11,0,1
BRDA:76,11,1,0
BRDA:77,12,0,1
BRDA:77,12,1,0
BRF:31
BRH:22
end_of_record
TN:
SF:src/controllers/backchannel-logout.controller.ts
FN:7,requireBasicAuth
FN:29,(anonymous_1)
FN:60,(anonymous_2)
FN:86,(anonymous_3)
FNF:4
FNH:4
FNDA:14,requireBasicAuth
FNDA:6,(anonymous_1)
FNDA:4,(anonymous_2)
FNDA:4,(anonymous_3)
DA:5,2
DA:8,14
DA:9,14
DA:10,14
DA:12,14
DA:13,14
DA:14,3
DA:15,3
DA:16,3
DA:18,11
DA:19,11
DA:20,11
DA:21,0
DA:22,0
DA:23,0
DA:25,11
DA:28,2
DA:30,6
DA:31,6
DA:33,5
DA:35,5
DA:36,1
DA:37,1
DA:40,4
DA:41,3
DA:43,3
DA:44,1
DA:46,2
DA:47,1
DA:49,1
DA:51,1
DA:52,1
DA:53,1
DA:54,1
DA:59,2
DA:61,4
DA:62,4
DA:64,3
DA:66,3
DA:67,1
DA:68,1
DA:71,2
DA:72,2
DA:74,2
DA:75,4
DA:77,0
DA:78,0
DA:79,0
DA:80,0
DA:85,2
DA:87,4
DA:88,4
DA:90,3
DA:92,3
DA:93,1
DA:94,1
DA:97,2
DA:98,1
DA:99,1
DA:101,1
DA:102,1
DA:103,1
DA:104,1
LF:63
LH:56
BRDA:10,0,0,0
BRDA:10,0,1,14
BRDA:10,1,0,14
BRDA:10,1,1,14
BRDA:13,2,0,3
BRDA:13,2,1,11
BRDA:20,3,0,0
BRDA:20,3,1,11
BRDA:20,4,0,11
BRDA:20,4,1,11
BRDA:31,5,0,1
BRDA:31,5,1,5
BRDA:35,6,0,1
BRDA:35,6,1,4
BRDA:43,7,0,1
BRDA:43,7,1,2
BRDA:46,8,0,1
BRDA:46,8,1,1
BRDA:51,9,0,1
BRDA:51,9,1,0
BRDA:52,10,0,1
BRDA:52,10,1,0
BRDA:62,11,0,1
BRDA:62,11,1,3
BRDA:66,12,0,1
BRDA:66,12,1,2
BRDA:74,13,0,1
BRDA:74,13,1,1
BRDA:77,14,0,0
BRDA:77,14,1,0
BRDA:78,15,0,0
BRDA:78,15,1,0
BRDA:88,16,0,1
BRDA:88,16,1,3
BRDA:92,17,0,1
BRDA:92,17,1,2
BRDA:92,18,0,3
BRDA:92,18,1,1
BRDA:101,19,0,1
BRDA:101,19,1,0
BRDA:102,20,0,1
BRDA:102,20,1,0
BRF:42
BRH:32
end_of_record
TN:
SF:src/controllers/ciba.controller.ts
FN:7,mapAuthActionToStatus
FN:17,mapIssueActionToStatus
FN:26,mapFailActionToStatus
FN:35,mapCompleteActionToStatus
FN:44,sendResponse
FN:52,(anonymous_5)
FN:67,(anonymous_6)
FN:86,(anonymous_7)
FN:108,(anonymous_8)
FNF:9
FNH:9
FNDA:1,mapAuthActionToStatus
FNDA:1,mapIssueActionToStatus
FNDA:1,mapFailActionToStatus
FNDA:1,mapCompleteActionToStatus
FNDA:4,sendResponse
FNDA:1,(anonymous_5)
FNDA:1,(anonymous_6)
FNDA:1,(anonymous_7)
FNDA:1,(anonymous_8)
DA:5,1
DA:8,1
DA:9,0
DA:10,0
DA:11,0
DA:12,1
DA:13,0
DA:18,1
DA:19,0
DA:20,0
DA:21,1
DA:22,0
DA:27,1
DA:28,0
DA:29,0
DA:30,1
DA:31,0
DA:36,1
DA:37,0
DA:38,0
DA:39,1
DA:40,0
DA:45,4
DA:46,4
DA:47,4
DA:48,4
DA:51,1
DA:53,1
DA:54,1
DA:55,1
DA:56,1
DA:58,0
DA:59,0
DA:60,0
DA:61,0
DA:66,1
DA:68,1
DA:69,1
DA:70,1
DA:71,0
DA:73,1
DA:74,1
DA:75,1
DA:77,0
DA:78,0
DA:79,0
DA:80,0
DA:85,1
DA:87,1
DA:88,1
DA:89,1
DA:90,0
DA:92,1
DA:93,0
DA:95,1
DA:96,1
DA:97,1
DA:99,0
DA:100,0
DA:101,0
DA:102,0
DA:107,1
DA:109,1
DA:110,1
DA:115,1
DA:116,0
DA:118,1
DA:119,0
DA:121,1
DA:122,0
DA:124,1
DA:125,1
DA:126,1
DA:128,0
DA:129,0
DA:130,0
DA:131,0
LF:77
LH:42
BRDA:8,0,0,0
BRDA:8,0,1,0
BRDA:8,0,2,0
BRDA:8,0,3,1
BRDA:8,0,4,0
BRDA:18,1,0,0
BRDA:18,1,1,0
BRDA:18,1,2,1
BRDA:18,1,3,0
BRDA:27,2,0,0
BRDA:27,2,1,0
BRDA:27,2,2,1
BRDA:27,2,3,0
BRDA:36,3,0,0
BRDA:36,3,1,0
BRDA:36,3,2,1
BRDA:36,3,3,0
BRDA:58,4,0,0
BRDA:58,4,1,0
BRDA:59,5,0,0
BRDA:59,5,1,0
BRDA:70,6,0,0
BRDA:70,6,1,1
BRDA:77,7,0,0
BRDA:77,7,1,0
BRDA:78,8,0,0
BRDA:78,8,1,0
BRDA:89,9,0,0
BRDA:89,9,1,1
BRDA:92,10,0,0
BRDA:92,10,1,1
BRDA:99,11,0,0
BRDA:99,11,1,0
BRDA:100,12,0,0
BRDA:100,12,1,0
BRDA:115,13,0,0
BRDA:115,13,1,1
BRDA:118,14,0,0
BRDA:118,14,1,1
BRDA:121,15,0,0
BRDA:121,15,1,1
BRDA:128,16,0,0
BRDA:128,16,1,0
BRDA:129,17,0,0
BRDA:129,17,1,0
BRF:45
BRH:10
end_of_record
TN:
SF:src/controllers/client.management.controller.ts
FN:7,requireBasicAuth
FN:29,(anonymous_1)
FN:45,(anonymous_2)
FN:61,(anonymous_3)
FN:77,(anonymous_4)
FN:93,(anonymous_5)
FN:115,(anonymous_6)
FN:131,(anonymous_7)
FN:147,(anonymous_8)
FN:163,(anonymous_9)
FN:179,(anonymous_10)
FN:195,(anonymous_11)
FN:211,(anonymous_12)
FN:227,(anonymous_13)
FN:243,(anonymous_14)
FN:259,(anonymous_15)
FN:275,(anonymous_16)
FNF:17
FNH:3
FNDA:2,requireBasicAuth
FNDA:1,(anonymous_1)
FNDA:0,(anonymous_2)
FNDA:1,(anonymous_3)
FNDA:0,(anonymous_4)
FNDA:0,(anonymous_5)
FNDA:0,(anonymous_6)
FNDA:0,(anonymous_7)
FNDA:0,(anonymous_8)
FNDA:0,(anonymous_9)
FNDA:0,(anonymous_10)
FNDA:0,(anonymous_11)
FNDA:0,(anonymous_12)
FNDA:0,(anonymous_13)
FNDA:0,(anonymous_14)
FNDA:0,(anonymous_15)
FNDA:0,(anonymous_16)
DA:5,1
DA:8,2
DA:9,2
DA:10,2
DA:12,0
DA:13,0
DA:14,0
DA:15,0
DA:16,0
DA:18,0
DA:19,0
DA:20,0
DA:21,0
DA:22,0
DA:23,0
DA:25,0
DA:28,1
DA:30,1
DA:31,1
DA:32,1
DA:33,1
DA:34,1
DA:36,0
DA:37,0
DA:38,0
DA:39,0
DA:44,1
DA:46,0
DA:47,0
DA:48,0
DA:49,0
DA:50,0
DA:52,0
DA:53,0
DA:54,0
DA:55,0
DA:60,1
DA:62,1
DA:63,1
DA:64,1
DA:65,1
DA:66,1
DA:68,0
DA:69,0
DA:70,0
DA:71,0
DA:76,1
DA:78,0
DA:79,0
DA:80,0
DA:81,0
DA:82,0
DA:84,0
DA:85,0
DA:86,0
DA:87,0
DA:92,1
DA:94,0
DA:95,0
DA:96,0
DA:97,0
DA:98,0
DA:103,0
DA:104,0
DA:106,0
DA:107,0
DA:108,0
DA:109,0
DA:114,1
DA:116,0
DA:117,0
DA:118,0
DA:119,0
DA:120,0
DA:122,0
DA:123,0
DA:124,0
DA:125,0
DA:130,1
DA:132,0
DA:133,0
DA:134,0
DA:135,0
DA:136,0
DA:138,0
DA:139,0
DA:140,0
DA:141,0
DA:146,1
DA:148,0
DA:149,0
DA:150,0
DA:151,0
DA:152,0
DA:154,0
DA:155,0
DA:156,0
DA:157,0
DA:162,1
DA:164,0
DA:165,0
DA:166,0
DA:167,0
DA:168,0
DA:170,0
DA:171,0
DA:172,0
DA:173,0
DA:178,1
DA:180,0
DA:181,0
DA:182,0
DA:183,0
DA:184,0
DA:186,0
DA:187,0
DA:188,0
DA:189,0
DA:194,1
DA:196,0
DA:197,0
DA:198,0
DA:199,0
DA:200,0
DA:202,0
DA:203,0
DA:204,0
DA:205,0
DA:210,1
DA:212,0
DA:213,0
DA:214,0
DA:215,0
DA:216,0
DA:218,0
DA:219,0
DA:220,0
DA:221,0
DA:226,1
DA:228,0
DA:229,0
DA:230,0
DA:231,0
DA:232,0
DA:234,0
DA:235,0
DA:236,0
DA:237,0
DA:242,1
DA:244,0
DA:245,0
DA:246,0
DA:247,0
DA:248,0
DA:250,0
DA:251,0
DA:252,0
DA:253,0
DA:258,1
DA:260,0
DA:261,0
DA:262,0
DA:263,0
DA:264,0
DA:266,0
DA:267,0
DA:268,0
DA:269,0
DA:274,1
DA:276,0
DA:277,0
DA:278,0
DA:279,0
DA:281,0
DA:282,0
DA:283,0
DA:284,0
LF:177
LH:30
BRDA:10,0,0,2
BRDA:10,0,1,0
BRDA:10,1,0,2
BRDA:10,1,1,0
BRDA:13,2,0,0
BRDA:13,2,1,0
BRDA:20,3,0,0
BRDA:20,3,1,0
BRDA:20,4,0,0
BRDA:20,4,1,0
BRDA:31,5,0,0
BRDA:31,5,1,1
BRDA:36,6,0,0
BRDA:36,6,1,0
BRDA:37,7,0,0
BRDA:37,7,1,0
BRDA:47,8,0,0
BRDA:47,8,1,0
BRDA:52,9,0,0
BRDA:52,9,1,0
BRDA:53,10,0,0
BRDA:53,10,1,0
BRDA:63,11,0,0
BRDA:63,11,1,1
BRDA:68,12,0,0
BRDA:68,12,1,0
BRDA:69,13,0,0
BRDA:69,13,1,0
BRDA:79,14,0,0
BRDA:79,14,1,0
BRDA:84,15,0,0
BRDA:84,15,1,0
BRDA:85,16,0,0
BRDA:85,16,1,0
BRDA:95,17,0,0
BRDA:95,17,1,0
BRDA:97,18,0,0
BRDA:97,18,1,0
BRDA:106,19,0,0
BRDA:106,19,1,0
BRDA:107,20,0,0
BRDA:107,20,1,0
BRDA:117,21,0,0
BRDA:117,21,1,0
BRDA:122,22,0,0
BRDA:122,22,1,0
BRDA:123,23,0,0
BRDA:123,23,1,0
BRDA:133,24,0,0
BRDA:133,24,1,0
BRDA:138,25,0,0
BRDA:138,25,1,0
BRDA:139,26,0,0
BRDA:139,26,1,0
BRDA:149,27,0,0
BRDA:149,27,1,0
BRDA:154,28,0,0
BRDA:154,28,1,0
BRDA:155,29,0,0
BRDA:155,29,1,0
BRDA:165,30,0,0
BRDA:165,30,1,0
BRDA:170,31,0,0
BRDA:170,31,1,0
BRDA:171,32,0,0
BRDA:171,32,1,0
BRDA:181,33,0,0
BRDA:181,33,1,0
BRDA:186,34,0,0
BRDA:186,34,1,0
BRDA:187,35,0,0
BRDA:187,35,1,0
BRDA:197,36,0,0
BRDA:197,36,1,0
BRDA:202,37,0,0
BRDA:202,37,1,0
BRDA:203,38,0,0
BRDA:203,38,1,0
BRDA:213,39,0,0
BRDA:213,39,1,0
BRDA:218,40,0,0
BRDA:218,40,1,0
BRDA:219,41,0,0
BRDA:219,41,1,0
BRDA:229,42,0,0
BRDA:229,42,1,0
BRDA:234,43,0,0
BRDA:234,43,1,0
BRDA:235,44,0,0
BRDA:235,44,1,0
BRDA:245,45,0,0
BRDA:245,45,1,0
BRDA:250,46,0,0
BRDA:250,46,1,0
BRDA:251,47,0,0
BRDA:251,47,1,0
BRDA:261,48,0,0
BRDA:261,48,1,0
BRDA:266,49,0,0
BRDA:266,49,1,0
BRDA:267,50,0,0
BRDA:267,50,1,0
BRDA:277,51,0,0
BRDA:277,51,1,0
BRDA:281,52,0,0
BRDA:281,52,1,0
BRDA:282,53,0,0
BRDA:282,53,1,0
BRF:108
BRH:4
end_of_record
TN:
SF:src/controllers/dcr.controller.ts
FN:7,safeParseJSON
FN:11,requireBasicAuth
FN:32,mapActionToStatus
FN:46,(anonymous_3)
FN:68,(anonymous_4)
FN:89,(anonymous_5)
FN:110,(anonymous_6)
FNF:7
FNH:7
FNDA:5,safeParseJSON
FNDA:6,requireBasicAuth
FNDA:11,mapActionToStatus
FNDA:6,(anonymous_3)
FNDA:3,(anonymous_4)
FNDA:2,(anonymous_5)
FNDA:3,(anonymous_6)
DA:5,2
DA:8,5
DA:12,6
DA:13,6
DA:14,6
DA:16,4
DA:17,4
DA:18,1
DA:19,1
DA:20,1
DA:22,3
DA:23,3
DA:24,3
DA:25,0
DA:26,0
DA:27,0
DA:29,3
DA:33,11
DA:34,2
DA:36,5
DA:37,2
DA:38,1
DA:39,0
DA:40,1
DA:41,0
DA:45,2
DA:47,6
DA:48,6
DA:49,5
DA:50,4
DA:51,4
DA:52,0
DA:54,4
DA:57,6
DA:59,1
DA:60,1
DA:61,1
DA:62,1
DA:67,2
DA:69,3
DA:70,3
DA:71,2
DA:72,2
DA:73,0
DA:75,2
DA:78,3
DA:80,1
DA:81,1
DA:82,1
DA:83,1
DA:88,2
DA:90,2
DA:91,2
DA:92,2
DA:93,2
DA:94,0
DA:96,2
DA:99,2
DA:101,0
DA:102,0
DA:103,0
DA:104,0
DA:109,2
DA:111,3
DA:112,3
DA:113,3
DA:114,3
DA:115,2
DA:117,1
DA:120,3
DA:122,0
DA:123,0
DA:124,0
DA:125,0
LF:74
LH:58
BRDA:14,0,0,2
BRDA:14,0,1,4
BRDA:14,1,0,6
BRDA:14,1,1,4
BRDA:17,2,0,1
BRDA:17,2,1,3
BRDA:24,3,0,0
BRDA:24,3,1,3
BRDA:24,4,0,3
BRDA:24,4,1,3
BRDA:33,5,0,2
BRDA:33,5,1,3
BRDA:33,5,2,5
BRDA:33,5,3,2
BRDA:33,5,4,1
BRDA:33,5,5,0
BRDA:33,5,6,1
BRDA:33,5,7,0
BRDA:48,6,0,1
BRDA:48,6,1,5
BRDA:51,7,0,0
BRDA:51,7,1,4
BRDA:54,8,0,2
BRDA:54,8,1,2
BRDA:59,9,0,1
BRDA:59,9,1,0
BRDA:60,10,0,1
BRDA:60,10,1,0
BRDA:72,11,0,0
BRDA:72,11,1,2
BRDA:75,12,0,2
BRDA:75,12,1,0
BRDA:80,13,0,1
BRDA:80,13,1,0
BRDA:81,14,0,1
BRDA:81,14,1,0
BRDA:93,15,0,0
BRDA:93,15,1,2
BRDA:96,16,0,1
BRDA:96,16,1,1
BRDA:101,17,0,0
BRDA:101,17,1,0
BRDA:102,18,0,0
BRDA:102,18,1,0
BRDA:114,19,0,2
BRDA:114,19,1,1
BRDA:117,20,0,0
BRDA:117,20,1,1
BRDA:122,21,0,0
BRDA:122,21,1,0
BRDA:123,22,0,0
BRDA:123,22,1,0
BRF:52
BRH:32
end_of_record
TN:
SF:src/controllers/default.controller.ts
FN:5,(anonymous_0)
FNF:1
FNH:0
FNDA:0,(anonymous_0)
DA:3,1
DA:6,0
DA:7,0
DA:8,0
DA:10,0
LF:5
LH:1
BRDA:6,0,0,0
BRDA:6,0,1,0
BRDA:7,1,0,0
BRDA:7,1,1,0
BRDA:8,2,0,0
BRDA:8,2,1,0
BRDA:13,3,0,0
BRDA:13,3,1,0
BRF:8
BRH:0
end_of_record
TN:
SF:src/controllers/discovery.controller.ts
FN:8,(anonymous_0)
FNF:1
FNH:1
FNDA:1,(anonymous_0)
DA:5,1
DA:7,1
DA:9,1
DA:11,1
DA:13,1
DA:15,0
DA:16,0
DA:17,0
LF:8
LH:5
BRDA:15,0,0,0
BRDA:15,0,1,0
BRF:2
BRH:0
end_of_record
TN:
SF:src/controllers/grant-management.controller.ts
FN:8,(anonymous_0)
FN:56,(anonymous_1)
FNF:2
FNH:2
FNDA:1,(anonymous_0)
FNDA:1,(anonymous_1)
DA:5,1
DA:7,1
DA:13,1
DA:14,1
DA:15,1
DA:16,0
DA:19,1
DA:21,1
DA:23,1
DA:24,1
DA:26,0
DA:29,0
DA:32,0
DA:35,0
DA:38,0
DA:41,0
DA:44,0
DA:47,0
DA:50,0
DA:55,1
DA:61,1
DA:62,1
DA:63,1
DA:64,0
DA:67,1
DA:69,1
DA:72,1
DA:75,0
DA:78,0
DA:81,0
DA:84,0
DA:87,0
DA:90,0
DA:93,0
LF:34
LH:16
BRDA:15,0,0,0
BRDA:15,0,1,1
BRDA:21,1,0,1
BRDA:21,1,1,0
BRDA:21,1,2,0
BRDA:21,1,3,0
BRDA:21,1,4,0
BRDA:21,1,5,0
BRDA:21,1,6,0
BRDA:21,1,7,0
BRDA:23,2,0,1
BRDA:23,2,1,0
BRDA:32,3,0,0
BRDA:32,3,1,0
BRDA:35,4,0,0
BRDA:35,4,1,0
BRDA:38,5,0,0
BRDA:38,5,1,0
BRDA:63,6,0,0
BRDA:63,6,1,1
BRDA:69,7,0,1
BRDA:69,7,1,1
BRDA:69,7,2,0
BRDA:69,7,3,0
BRDA:69,7,4,0
BRDA:69,7,5,0
BRDA:69,7,6,0
BRDA:69,7,7,0
BRDA:75,8,0,0
BRDA:75,8,1,0
BRDA:78,9,0,0
BRDA:78,9,1,0
BRDA:81,10,0,0
BRDA:81,10,1,0
BRF:34
BRH:6
end_of_record
TN:
SF:src/controllers/health.controller.ts
FN:7,(anonymous_0)
FN:15,(anonymous_1)
FNF:2
FNH:1
FNDA:0,(anonymous_0)
FNDA:1,(anonymous_1)
DA:4,1
DA:6,1
DA:8,0
DA:16,1
DA:17,1
DA:18,1
LF:6
LH:5
BRDA:18,0,0,1
BRDA:18,0,1,0
BRF:2
BRH:1
end_of_record
TN:
SF:src/controllers/introspection-standard.controller.ts
FN:9,(anonymous_0)
FNF:1
FNH:0
FNDA:0,(anonymous_0)
DA:5,1
DA:8,1
DA:10,0
DA:11,0
DA:13,0
DA:15,0
DA:16,0
DA:19,0
DA:20,0
DA:23,0
DA:24,0
DA:27,0
DA:28,0
DA:29,0
DA:32,0
DA:33,0
DA:34,0
DA:35,0
LF:18
LH:2
BRDA:13,0,0,0
BRDA:13,0,1,0
BRDA:13,0,2,0
BRDA:13,0,3,0
BRDA:16,1,0,0
BRDA:16,1,1,0
BRDA:20,2,0,0
BRDA:20,2,1,0
BRDA:32,3,0,0
BRDA:32,3,1,0
BRDA:33,4,0,0
BRDA:33,4,1,0
BRF:12
BRH:0
end_of_record
TN:
SF:src/controllers/introspection.controller.ts
FN:9,(anonymous_0)
FNF:1
FNH:1
FNDA:1,(anonymous_0)
DA:6,1
DA:8,1
DA:10,1
DA:11,1
DA:14,1
DA:15,0
DA:16,0
DA:17,0
DA:22,1
DA:24,1
DA:26,0
DA:27,0
DA:28,0
DA:29,0
DA:32,0
DA:33,0
DA:34,0
DA:35,0
DA:38,0
DA:39,0
DA:40,0
DA:41,0
DA:44,0
DA:45,0
DA:46,0
DA:47,0
DA:50,1
DA:51,1
DA:54,0
DA:55,0
DA:56,0
DA:59,0
DA:60,0
DA:61,0
DA:62,0
LF:35
LH:9
BRDA:14,0,0,0
BRDA:14,0,1,1
BRDA:24,1,0,0
BRDA:24,1,1,0
BRDA:24,1,2,0
BRDA:24,1,3,0
BRDA:24,1,4,1
BRDA:24,1,5,0
BRDA:26,2,0,0
BRDA:26,2,1,0
BRDA:29,3,0,0
BRDA:29,3,1,0
BRDA:32,4,0,0
BRDA:32,4,1,0
BRDA:35,5,0,0
BRDA:35,5,1,0
BRDA:38,6,0,0
BRDA:38,6,1,0
BRDA:41,7,0,0
BRDA:41,7,1,0
BRDA:44,8,0,0
BRDA:44,8,1,0
BRDA:59,9,0,0
BRDA:59,9,1,0
BRDA:60,10,0,0
BRDA:60,10,1,0
BRF:26
BRH:2
end_of_record
TN:
SF:src/controllers/jwks.controller.ts
FN:8,(anonymous_0)
FNF:1
FNH:1
FNDA:1,(anonymous_0)
DA:5,1
DA:7,1
DA:9,1
DA:10,1
DA:12,1
DA:14,0
DA:15,0
DA:16,0
LF:8
LH:5
BRDA:14,0,0,0
BRDA:14,0,1,0
BRF:2
BRH:0
end_of_record
TN:
SF:src/controllers/logout.controller.ts
FN:9,rpInitiatedLogout
FN:21,opBackchannelLogout
FN:77,(anonymous_2)
FNF:3
FNH:0
FNDA:0,rpInitiatedLogout
FNDA:0,opBackchannelLogout
FNDA:0,(anonymous_2)
DA:10,0
DA:11,0
DA:12,0
DA:14,0
DA:15,0
DA:16,0
DA:17,0
DA:22,0
DA:23,0
DA:25,0
DA:26,0
DA:27,0
DA:30,0
DA:31,0
DA:32,0
DA:33,0
DA:34,0
DA:37,0
DA:38,0
DA:40,0
DA:41,0
DA:42,0
DA:45,0
DA:46,0
DA:49,0
DA:50,0
DA:52,0
DA:53,0
DA:54,0
DA:55,0
DA:57,0
DA:59,0
DA:60,0
DA:61,0
DA:62,0
DA:63,0
DA:64,0
DA:65,0
DA:66,0
DA:68,0
DA:69,0
DA:73,0
DA:74,0
DA:75,0
DA:76,0
DA:77,0
DA:78,0
DA:83,0
DA:85,0
DA:86,0
DA:87,0
LF:51
LH:0
BRDA:14,0,0,0
BRDA:14,0,1,0
BRDA:15,1,0,0
BRDA:15,1,1,0
BRDA:22,2,0,0
BRDA:22,2,1,0
BRDA:25,3,0,0
BRDA:25,3,1,0
BRDA:32,4,0,0
BRDA:32,4,1,0
BRDA:32,5,0,0
BRDA:32,5,1,0
BRDA:32,5,2,0
BRDA:40,6,0,0
BRDA:40,6,1,0
BRDA:45,7,0,0
BRDA:45,7,1,0
BRDA:52,8,0,0
BRDA:52,8,1,0
BRDA:54,9,0,0
BRDA:54,9,1,0
BRDA:68,10,0,0
BRDA:68,10,1,0
BRDA:74,11,0,0
BRDA:74,11,1,0
BRDA:76,12,0,0
BRDA:76,12,1,0
BRDA:78,13,0,0
BRDA:78,13,1,0
BRDA:85,14,0,0
BRDA:85,14,1,0
BRF:31
BRH:0
end_of_record
TN:
SF:src/controllers/par.controller.ts
FN:8,mapActionToStatus
FN:20,sendResponse
FN:28,(anonymous_2)
FNF:3
FNH:3
FNDA:1,mapActionToStatus
FNDA:1,sendResponse
FNDA:1,(anonymous_2)
DA:6,1
DA:9,1
DA:10,1
DA:11,0
DA:12,0
DA:13,0
DA:14,0
DA:15,0
DA:16,0
DA:21,1
DA:22,1
DA:23,1
DA:24,1
DA:27,1
DA:29,1
DA:30,1
DA:31,1
DA:32,1
DA:34,0
DA:35,0
DA:36,0
DA:37,0
DA:38,0
DA:39,0
DA:41,0
LF:25
LH:12
BRDA:9,0,0,1
BRDA:9,0,1,0
BRDA:9,0,2,0
BRDA:9,0,3,0
BRDA:9,0,4,0
BRDA:9,0,5,0
BRDA:9,0,6,0
BRDA:34,1,0,0
BRDA:34,1,1,0
BRDA:35,2,0,0
BRDA:35,2,1,0
BRDA:37,3,0,0
BRDA:37,3,1,0
BRDA:38,4,0,0
BRDA:38,4,1,0
BRDA:38,5,0,0
BRDA:38,5,1,0
BRF:17
BRH:1
end_of_record
TN:
SF:src/controllers/revocation.controller.ts
FN:8,(anonymous_0)
FNF:1
FNH:1
FNDA:1,(anonymous_0)
DA:5,1
DA:7,1
DA:9,1
DA:10,1
DA:12,1
DA:15,1
DA:16,1
DA:17,1
DA:18,0
DA:19,0
DA:21,1
DA:25,0
DA:26,0
DA:27,0
DA:28,0
DA:31,0
DA:32,0
DA:33,0
DA:36,0
DA:37,0
DA:41,0
DA:43,0
DA:46,0
DA:47,0
DA:48,0
DA:49,0
DA:53,0
DA:56,0
DA:57,0
DA:60,0
DA:62,0
DA:63,0
DA:64,0
DA:65,0
DA:66,0
DA:69,0
DA:70,0
LF:37
LH:9
BRDA:12,0,0,1
BRDA:12,0,1,0
BRDA:12,0,2,0
BRDA:12,0,3,0
BRDA:12,0,4,0
BRDA:17,1,0,0
BRDA:17,1,1,1
BRDA:28,2,0,0
BRDA:28,2,1,0
BRDA:36,3,0,0
BRDA:36,3,1,0
BRDA:41,4,0,0
BRDA:41,4,1,0
BRDA:43,5,0,0
BRDA:43,5,1,0
BRDA:49,6,0,0
BRDA:49,6,1,0
BRDA:60,7,0,0
BRDA:60,7,1,0
BRDA:62,8,0,0
BRDA:62,8,1,0
BRF:21
BRH:2
end_of_record
TN:
SF:src/controllers/session.controller.ts
FN:13,(anonymous_0)
FN:17,(anonymous_1)
FN:84,(anonymous_2)
FN:100,(anonymous_3)
FNF:4
FNH:0
FNDA:0,(anonymous_0)
FNDA:0,(anonymous_1)
FNDA:0,(anonymous_2)
FNDA:0,(anonymous_3)
DA:9,1
DA:10,1
DA:12,1
DA:14,0
DA:22,0
DA:23,0
DA:26,0
DA:27,0
DA:28,0
DA:31,0
DA:32,0
DA:35,0
DA:36,0
DA:37,0
DA:38,0
DA:41,0
DA:45,0
DA:48,0
DA:51,0
DA:52,0
DA:53,0
DA:54,0
DA:57,0
DA:58,0
DA:59,0
DA:60,0
DA:61,0
DA:65,0
DA:68,0
DA:69,0
DA:70,0
DA:80,0
DA:90,0
DA:91,0
DA:92,0
DA:93,0
DA:96,0
DA:97,0
DA:105,0
DA:106,0
DA:107,0
DA:108,0
DA:109,0
DA:112,0
DA:114,0
DA:116,0
DA:118,0
DA:120,0
DA:121,0
DA:128,0
DA:129,0
DA:132,0
DA:137,0
DA:140,0
DA:145,0
DA:148,0
DA:152,0
DA:154,0
DA:157,0
LF:59
LH:3
BRDA:27,0,0,0
BRDA:27,0,1,0
BRDA:27,1,0,0
BRDA:27,1,1,0
BRDA:36,2,0,0
BRDA:36,2,1,0
BRDA:37,3,0,0
BRDA:37,3,1,0
BRDA:42,4,0,0
BRDA:42,4,1,0
BRDA:48,5,0,0
BRDA:48,5,1,0
BRDA:51,6,0,0
BRDA:51,6,1,0
BRDA:51,7,0,0
BRDA:51,7,1,0
BRDA:58,8,0,0
BRDA:58,8,1,0
BRDA:68,9,0,0
BRDA:68,9,1,0
BRDA:90,10,0,0
BRDA:90,10,1,0
BRDA:90,11,0,0
BRDA:90,11,1,0
BRDA:95,12,0,0
BRDA:95,13,0,0
BRDA:95,14,0,0
BRDA:96,15,0,0
BRDA:96,15,1,0
BRDA:106,16,0,0
BRDA:106,16,1,0
BRDA:106,17,0,0
BRDA:106,17,1,0
BRDA:118,18,0,0
BRDA:118,18,1,0
BRDA:120,19,0,0
BRDA:120,19,1,0
BRDA:141,20,0,0
BRDA:141,20,1,0
BRDA:148,21,0,0
BRDA:148,21,1,0
BRF:41
BRH:0
end_of_record
TN:
SF:src/controllers/token-exchange-response.handler.ts
FN:10,handleJwtBearerGrant
FN:44,handleTokenExchange
FNF:2
FNH:0
FNDA:0,handleJwtBearerGrant
FNDA:0,handleTokenExchange
DA:9,2
DA:15,0
DA:16,0
DA:17,0
DA:19,0
DA:20,0
DA:21,0
DA:22,0
DA:25,0
DA:26,0
DA:27,0
DA:28,0
DA:32,0
DA:33,0
DA:36,0
DA:37,0
DA:40,0
DA:50,0
DA:51,0
DA:52,0
DA:54,0
DA:55,0
DA:56,0
DA:62,0
DA:64,0
DA:71,0
DA:73,0
DA:76,0
DA:78,0
DA:80,0
DA:93,0
DA:99,0
DA:105,0
DA:111,0
DA:112,0
DA:118,0
DA:119,0
DA:120,0
LF:38
LH:1
BRDA:17,0,0,0
BRDA:17,0,1,0
BRDA:17,0,2,0
BRDA:22,1,0,0
BRDA:22,1,1,0
BRDA:28,2,0,0
BRDA:28,2,1,0
BRDA:36,3,0,0
BRDA:36,3,1,0
BRDA:62,4,0,0
BRDA:62,4,1,0
BRDA:78,5,0,0
BRDA:78,5,1,0
BRDA:78,5,2,0
BRDA:78,5,3,0
BRDA:78,5,4,0
BRDA:85,6,0,0
BRDA:85,6,1,0
BRDA:87,7,0,0
BRDA:87,7,1,0
BRDA:118,8,0,0
BRDA:118,8,1,0
BRF:22
BRH:0
end_of_record
TN:
SF:src/controllers/token-fail-response.handler.ts
FN:5,sendTokenFailResponse
FNF:1
FNH:1
FNDA:1,sendTokenFailResponse
DA:6,1
DA:7,1
DA:9,0
DA:10,0
DA:11,0
DA:12,0
DA:15,0
DA:16,0
DA:17,0
DA:18,0
DA:22,1
DA:23,1
LF:12
LH:4
BRDA:7,0,0,0
BRDA:7,0,1,0
BRDA:7,0,2,1
BRDA:12,1,0,0
BRDA:12,1,1,0
BRDA:18,2,0,0
BRDA:18,2,1,0
BRF:7
BRH:1
end_of_record
TN:
SF:src/controllers/token-issue-response.handler.ts
FN:5,sendTokenIssueResponse
FNF:1
FNH:1
FNDA:1,sendTokenIssueResponse
DA:6,1
DA:7,1
DA:9,0
DA:10,0
DA:11,0
DA:12,0
DA:15,1
DA:16,1
DA:17,1
DA:18,1
DA:22,0
DA:23,0
LF:12
LH:6
BRDA:7,0,0,0
BRDA:7,0,1,1
BRDA:7,0,2,0
BRDA:12,1,0,0
BRDA:12,1,1,0
BRDA:18,2,0,1
BRDA:18,2,1,0
BRF:7
BRH:2
end_of_record
TN:
SF:src/controllers/token.controller.ts
FN:23,(anonymous_0)
FNF:1
FNH:1
FNDA:14,(anonymous_0)
DA:17,2
DA:18,2
DA:19,2
DA:20,2
DA:22,2
DA:28,14
DA:29,14
DA:32,14
DA:33,1
DA:34,1
DA:35,1
DA:36,1
DA:41,13
DA:43,12
DA:45,1
DA:46,1
DA:47,1
DA:48,1
DA:51,2
DA:52,2
DA:53,2
DA:56,2
DA:57,1
DA:58,1
DA:60,1
DA:63,1
DA:64,1
DA:65,1
DA:66,1
DA:69,2
DA:70,2
DA:71,1
DA:72,1
DA:80,1
DA:82,1
DA:85,2
DA:86,2
DA:87,2
DA:88,2
DA:94,3
DA:95,3
DA:96,3
DA:97,3
DA:99,3
DA:100,1
DA:101,1
DA:102,1
DA:103,1
DA:106,2
DA:107,2
DA:109,1
DA:113,1
DA:115,1
DA:119,1
DA:123,1
DA:125,1
DA:127,0
DA:128,0
DA:131,0
DA:134,0
DA:135,0
DA:136,0
DA:137,0
DA:143,0
DA:146,1
DA:147,1
DA:148,1
DA:151,1
DA:152,1
DA:153,1
DA:154,1
LF:71
LH:63
BRDA:32,0,0,1
BRDA:32,0,1,13
BRDA:43,1,0,12
BRDA:43,1,1,2
BRDA:43,1,2,1
BRDA:43,1,3,2
BRDA:43,1,4,2
BRDA:43,1,5,3
BRDA:43,1,6,0
BRDA:43,1,7,1
BRDA:48,2,0,1
BRDA:48,2,1,1
BRDA:56,3,0,1
BRDA:56,3,1,1
BRDA:58,4,0,1
BRDA:58,4,1,1
BRDA:60,5,0,1
BRDA:60,5,1,1
BRDA:66,6,0,1
BRDA:66,6,1,1
BRDA:70,7,0,1
BRDA:70,7,1,1
BRDA:99,8,0,1
BRDA:99,8,1,2
BRDA:99,9,0,3
BRDA:99,9,1,2
BRDA:99,9,2,2
BRDA:103,10,0,1
BRDA:103,10,1,1
BRDA:107,11,0,1
BRDA:107,11,1,1
BRDA:127,12,0,0
BRDA:127,12,1,0
BRDA:151,13,0,1
BRDA:151,13,1,0
BRDA:152,14,0,1
BRDA:152,14,1,0
BRF:37
BRH:32
end_of_record
TN:
SF:src/controllers/token.management.controller.ts
FN:10,requireBasicAuth
FN:32,(anonymous_1)
FN:73,(anonymous_2)
FN:111,(anonymous_3)
FN:156,(anonymous_4)
FN:172,(anonymous_5)
FN:223,(anonymous_6)
FN:262,(anonymous_7)
FNF:8
FNH:3
FNDA:2,requireBasicAuth
FNDA:1,(anonymous_1)
FNDA:0,(anonymous_2)
FNDA:0,(anonymous_3)
FNDA:1,(anonymous_4)
FNDA:0,(anonymous_5)
FNDA:0,(anonymous_6)
FNDA:0,(anonymous_7)
DA:8,1
DA:11,2
DA:12,2
DA:13,2
DA:15,0
DA:16,0
DA:17,0
DA:18,0
DA:19,0
DA:21,0
DA:22,0
DA:23,0
DA:24,0
DA:25,0
DA:26,0
DA:28,0
DA:31,1
DA:37,1
DA:38,1
DA:39,1
DA:41,1
DA:43,1
DA:44,1
DA:47,0
DA:48,0
DA:51,0
DA:52,0
DA:55,0
DA:56,0
DA:59,0
DA:60,0
DA:61,0
DA:64,0
DA:65,0
DA:66,0
DA:67,0
DA:72,1
DA:78,0
DA:79,0
DA:80,0
DA:81,0
DA:82,0
DA:87,0
DA:88,0
DA:96,0
DA:98,0
DA:102,0
DA:103,0
DA:104,0
DA:105,0
DA:110,1
DA:116,0
DA:117,0
DA:118,0
DA:120,0
DA:122,0
DA:123,0
DA:126,0
DA:127,0
DA:130,0
DA:131,0
DA:134,0
DA:135,0
DA:138,0
DA:139,0
DA:142,0
DA:143,0
DA:144,0
DA:147,0
DA:148,0
DA:149,0
DA:150,0
DA:155,1
DA:157,1
DA:158,1
DA:159,1
DA:160,1
DA:161,1
DA:163,0
DA:164,0
DA:165,0
DA:166,0
DA:171,1
DA:177,0
DA:178,0
DA:179,0
DA:181,0
DA:183,0
DA:184,0
DA:187,0
DA:188,0
DA:191,0
DA:192,0
DA:195,0
DA:196,0
DA:199,0
DA:200,0
DA:203,0
DA:204,0
DA:207,0
DA:208,0
DA:209,0
DA:211,0
DA:212,0
DA:217,0
DA:222,1
DA:228,0
DA:229,0
DA:230,0
DA:232,0
DA:234,0
DA:235,0
DA:238,0
DA:239,0
DA:242,0
DA:243,0
DA:246,0
DA:247,0
DA:250,0
DA:253,0
DA:254,0
DA:255,0
DA:256,0
DA:261,1
DA:267,0
DA:268,0
DA:269,0
DA:271,0
DA:272,0
DA:274,0
DA:275,0
DA:278,0
DA:279,0
DA:285,0
DA:290,0
DA:292,0
DA:298,0
DA:299,0
DA:301,0
DA:302,0
DA:303,0
DA:306,0
LF:142
LH:22
BRDA:13,0,0,2
BRDA:13,0,1,0
BRDA:13,1,0,2
BRDA:13,1,1,0
BRDA:16,2,0,0
BRDA:16,2,1,0
BRDA:23,3,0,0
BRDA:23,3,1,0
BRDA:23,4,0,0
BRDA:23,4,1,0
BRDA:38,5,0,0
BRDA:38,5,1,1
BRDA:41,6,0,1
BRDA:41,6,1,0
BRDA:41,6,2,0
BRDA:41,6,3,0
BRDA:41,6,4,0
BRDA:59,7,0,0
BRDA:59,7,1,0
BRDA:64,8,0,0
BRDA:64,8,1,0
BRDA:65,9,0,0
BRDA:65,9,1,0
BRDA:79,10,0,0
BRDA:79,10,1,0
BRDA:81,11,0,0
BRDA:81,11,1,0
BRDA:87,12,0,0
BRDA:87,12,1,0
BRDA:102,13,0,0
BRDA:102,13,1,0
BRDA:103,14,0,0
BRDA:103,14,1,0
BRDA:117,15,0,0
BRDA:117,15,1,0
BRDA:120,16,0,0
BRDA:120,16,1,0
BRDA:120,16,2,0
BRDA:120,16,3,0
BRDA:120,16,4,0
BRDA:120,16,5,0
BRDA:142,17,0,0
BRDA:142,17,1,0
BRDA:147,18,0,0
BRDA:147,18,1,0
BRDA:148,19,0,0
BRDA:148,19,1,0
BRDA:158,20,0,0
BRDA:158,20,1,1
BRDA:163,21,0,0
BRDA:163,21,1,0
BRDA:164,22,0,0
BRDA:164,22,1,0
BRDA:178,23,0,0
BRDA:178,23,1,0
BRDA:181,24,0,0
BRDA:181,24,1,0
BRDA:181,24,2,0
BRDA:181,24,3,0
BRDA:181,24,4,0
BRDA:181,24,5,0
BRDA:207,25,0,0
BRDA:207,25,1,0
BRDA:208,26,0,0
BRDA:208,26,1,0
BRDA:211,27,0,0
BRDA:211,27,1,0
BRDA:211,28,0,0
BRDA:211,28,1,0
BRDA:229,29,0,0
BRDA:229,29,1,0
BRDA:232,30,0,0
BRDA:232,30,1,0
BRDA:232,30,2,0
BRDA:232,30,3,0
BRDA:246,31,0,0
BRDA:246,31,1,0
BRDA:253,32,0,0
BRDA:253,32,1,0
BRDA:254,33,0,0
BRDA:254,33,1,0
BRDA:268,34,0,0
BRDA:268,34,1,0
BRDA:274,35,0,0
BRDA:274,35,1,0
BRDA:278,36,0,0
BRDA:278,36,1,0
BRDA:278,37,0,0
BRDA:278,37,1,0
BRDA:278,37,2,0
BRDA:285,38,0,0
BRDA:285,38,1,0
BRDA:286,39,0,0
BRDA:286,39,1,0
BRDA:293,40,0,0
BRDA:293,40,1,0
BRDA:294,41,0,0
BRDA:294,41,1,0
BRDA:295,42,0,0
BRDA:295,42,1,0
BRDA:301,43,0,0
BRDA:301,43,1,0
BRDA:302,44,0,0
BRDA:302,44,1,0
BRF:104
BRH:5
end_of_record
TN:
SF:src/controllers/userinfo-issue-response.handler.ts
FN:5,senduserInfoIssueResponse
FNF:1
FNH:0
FNDA:0,senduserInfoIssueResponse
DA:6,0
DA:8,0
DA:10,0
DA:11,0
DA:12,0
DA:13,0
DA:16,0
DA:17,0
DA:18,0
DA:19,0
DA:22,0
DA:23,0
DA:24,0
DA:25,0
DA:28,0
DA:29,0
DA:30,0
DA:31,0
DA:35,0
DA:36,0
DA:37,0
DA:38,0
DA:42,0
DA:43,0
DA:44,0
DA:45,0
DA:48,0
DA:49,0
LF:28
LH:0
BRDA:8,0,0,0
BRDA:8,0,1,0
BRDA:8,0,2,0
BRDA:8,0,3,0
BRDA:8,0,4,0
BRDA:8,0,5,0
BRDA:8,0,6,0
BRDA:10,1,0,0
BRDA:10,1,1,0
BRDA:13,2,0,0
BRDA:13,2,1,0
BRDA:16,3,0,0
BRDA:16,3,1,0
BRDA:19,4,0,0
BRDA:19,4,1,0
BRDA:22,5,0,0
BRDA:22,5,1,0
BRDA:25,6,0,0
BRDA:25,6,1,0
BRDA:28,7,0,0
BRDA:28,7,1,0
BRDA:31,8,0,0
BRDA:31,8,1,0
BRF:23
BRH:0
end_of_record
TN:
SF:src/controllers/userinfo.controller.ts
FN:13,(anonymous_0)
FNF:1
FNH:1
FNDA:1,(anonymous_0)
DA:10,1
DA:12,1
DA:14,1
DA:15,1
DA:17,1
DA:20,0
DA:21,0
DA:22,0
DA:23,0
DA:27,0
DA:28,0
DA:29,0
DA:30,0
DA:34,0
DA:35,0
DA:36,0
DA:37,0
DA:43,0
DA:44,0
DA:45,0
DA:46,0
DA:49,1
DA:50,1
DA:51,1
DA:54,0
DA:55,0
DA:57,1
DA:58,0
DA:62,0
DA:65,0
DA:69,0
DA:70,0
DA:71,0
DA:74,0
DA:75,0
DA:76,0
DA:82,0
DA:83,0
DA:85,0
DA:86,0
DA:88,0
DA:89,0
DA:91,0
DA:92,0
DA:94,0
DA:95,0
DA:97,0
DA:98,0
DA:100,0
DA:104,0
DA:107,0
DA:111,1
DA:117,1
DA:118,1
DA:119,0
DA:121,0
DA:122,0
DA:125,0
DA:126,0
DA:130,0
DA:131,0
DA:132,0
DA:140,0
DA:143,0
DA:144,0
DA:147,0
DA:148,0
DA:149,0
DA:150,0
LF:69
LH:12
BRDA:17,0,0,0
BRDA:17,0,1,0
BRDA:17,0,2,0
BRDA:17,0,3,0
BRDA:17,0,4,1
BRDA:17,0,5,0
BRDA:20,1,0,0
BRDA:20,1,1,0
BRDA:23,2,0,0
BRDA:23,2,1,0
BRDA:27,3,0,0
BRDA:27,3,1,0
BRDA:30,4,0,0
BRDA:30,4,1,0
BRDA:34,5,0,0
BRDA:34,5,1,0
BRDA:39,6,0,0
BRDA:39,6,1,0
BRDA:43,7,0,0
BRDA:43,7,1,0
BRDA:46,8,0,0
BRDA:46,8,1,0
BRDA:49,9,0,1
BRDA:49,9,1,0
BRDA:55,10,0,0
BRDA:55,10,1,0
BRDA:57,11,0,0
BRDA:57,11,1,1
BRDA:76,12,0,0
BRDA:76,12,1,0
BRDA:76,12,2,0
BRDA:76,12,3,0
BRDA:76,12,4,0
BRDA:76,12,5,0
BRDA:76,12,6,0
BRDA:76,12,7,0
BRDA:76,12,8,0
BRDA:76,12,9,0
BRDA:76,12,10,0
BRDA:107,13,0,0
BRDA:107,13,1,0
BRDA:121,14,0,0
BRDA:121,14,1,0
BRDA:147,15,0,0
BRDA:147,15,1,0
BRDA:148,16,0,0
BRDA:148,16,1,0
BRF:47
BRH:3
end_of_record
TN:
SF:src/middleware/errorHandler.ts
FN:5,(anonymous_0)
FNF:1
FNH:1
FNDA:8,(anonymous_0)
DA:5,2
DA:12,8
DA:13,8
DA:21,8
DA:22,8
DA:23,8
DA:25,8
DA:28,8
DA:30,1
DA:37,7
DA:42,7
LF:11
LH:11
BRDA:12,0,0,8
BRDA:12,0,1,0
BRDA:14,1,0,8
BRDA:14,1,1,0
BRDA:21,2,0,8
BRDA:21,2,1,7
BRDA:21,2,2,6
BRDA:22,3,0,8
BRDA:22,3,1,0
BRDA:28,4,0,1
BRDA:28,4,1,7
BRDA:28,5,0,8
BRDA:28,5,1,1
BRDA:33,6,0,0
BRDA:33,6,1,1
BRDA:37,7,0,5
BRDA:37,7,1,2
BRDA:38,8,0,0
BRDA:38,8,1,2
BRDA:39,9,0,1
BRDA:39,9,1,1
BRDA:40,10,0,1
BRDA:40,10,1,0
BRDA:45,11,0,7
BRDA:45,11,1,6
BRF:25
BRH:19
end_of_record
TN:
SF:src/middleware/session.ts
FN:17,(anonymous_0)
FNF:1
FNH:1
FNDA:29,(anonymous_0)
DA:4,2
DA:10,2
DA:17,2
DA:18,29
DA:27,29
LF:5
LH:5
BRDA:23,0,0,29
BRDA:23,0,1,28
BRF:2
BRH:2
end_of_record
TN:
SF:src/routes/authorization.routes.ts
FNF:0
FNH:0
DA:4,1
DA:6,1
LF:2
LH:2
BRF:0
BRH:0
end_of_record
TN:
SF:src/routes/backchannel-logout.routes.ts
FNF:0
FNH:0
DA:8,1
DA:11,1
DA:14,1
DA:17,1
LF:4
LH:4
BRF:0
BRH:0
end_of_record
TN:
SF:src/routes/ciba.routes.ts
FNF:0
FNH:0
DA:9,1
DA:11,1
DA:12,1
DA:13,1
DA:14,1
LF:5
LH:5
BRF:0
BRH:0
end_of_record
TN:
SF:src/routes/client.routes.ts
FNF:0
FNH:0
DA:21,1
DA:23,1
DA:24,1
DA:25,1
DA:26,1
DA:27,1
DA:28,1
DA:29,1
DA:30,1
DA:31,1
DA:32,1
DA:33,1
DA:34,1
DA:35,1
DA:36,1
DA:37,1
DA:38,1
LF:17
LH:17
BRF:0
BRH:0
end_of_record
TN:
SF:src/routes/dcr.routes.ts
FNF:0
FNH:0
DA:9,1
DA:11,1
DA:12,1
DA:13,1
DA:14,1
LF:5
LH:5
BRF:0
BRH:0
end_of_record
TN:
SF:src/routes/default.routes.ts
FNF:0
FNH:0
DA:4,1
DA:6,1
LF:2
LH:2
BRF:0
BRH:0
end_of_record
TN:
SF:src/routes/discovery.routes.ts
FNF:0
FNH:0
DA:4,1
DA:6,1
LF:2
LH:2
BRF:0
BRH:0
end_of_record
TN:
SF:src/routes/grant-management.routes.ts
FNF:0
FNH:0
DA:7,1
DA:9,1
DA:10,1
LF:3
LH:3
BRF:0
BRH:0
end_of_record
TN:
SF:src/routes/health.routes.ts
FNF:0
FNH:0
DA:4,1
DA:6,1
DA:7,1
LF:3
LH:3
BRF:0
BRH:0
end_of_record
TN:
SF:src/routes/introspection.routes.ts
FNF:0
FNH:0
DA:5,1
DA:7,1
DA:8,1
LF:3
LH:3
BRF:0
BRH:0
end_of_record
TN:
SF:src/routes/jwks.routes.ts
FNF:0
FNH:0
DA:4,1
DA:6,1
LF:2
LH:2
BRF:0
BRH:0
end_of_record
TN:
SF:src/routes/logout.routes.ts
FNF:0
FNH:0
DA:4,1
DA:7,1
DA:10,1
LF:3
LH:3
BRF:0
BRH:0
end_of_record
TN:
SF:src/routes/par.routes.ts
FNF:0
FNH:0
DA:4,1
DA:6,1
LF:2
LH:2
BRF:0
BRH:0
end_of_record
TN:
SF:src/routes/revocation.routes.ts
FNF:0
FNH:0
DA:4,1
DA:6,1
LF:2
LH:2
BRF:0
BRH:0
end_of_record
TN:
SF:src/routes/routes-list.routes.ts
FN:254,(anonymous_0)
FN:259,(anonymous_1)
FNF:2
FNH:0
FNDA:0,(anonymous_0)
FNDA:0,(anonymous_1)
DA:3,1
DA:12,1
DA:254,1
DA:255,0
DA:259,1
DA:260,0
DA:261,0
DA:262,0
DA:263,0
DA:264,0
LF:10
LH:4
BRDA:261,0,0,0
BRDA:261,0,1,0
BRF:2
BRH:0
end_of_record
TN:
SF:src/routes/session.routes.ts
FNF:0
FNH:0
DA:4,1
DA:6,1
DA:7,1
DA:9,1
DA:10,1
LF:5
LH:5
BRF:0
BRH:0
end_of_record
TN:
SF:src/routes/token.routes.ts
FNF:0
FNH:0
DA:13,1
DA:15,1
DA:16,1
DA:17,1
DA:21,1
DA:22,1
DA:23,1
DA:24,1
DA:25,1
LF:9
LH:9
BRF:0
BRH:0
end_of_record
TN:
SF:src/routes/userinfo.routes.ts
FNF:0
FNH:0
DA:4,1
DA:6,1
DA:7,1
LF:3
LH:3
BRF:0
BRH:0
end_of_record
TN:
SF:src/services/authlete.service.ts
FNF:0
FNH:0
DA:4,15
DA:9,15
LF:2
LH:2
BRF:0
BRH:0
end_of_record
TN:
SF:src/services/authorization.service.ts
FN:16,constructor
FN:18,process
FN:43,fail
FN:58,issue
FNF:4
FNH:4
FNDA:6,constructor
FNDA:2,process
FNDA:1,fail
FNDA:2,issue
DA:16,6
DA:21,2
DA:22,2
DA:23,2
DA:25,2
DA:27,2
DA:28,5
DA:29,5
DA:33,2
DA:35,2
DA:40,2
DA:47,1
DA:55,1
DA:61,2
DA:62,2
DA:63,2
DA:66,2
DA:67,1
DA:70,1
DA:71,1
DA:74,1
DA:75,0
DA:78,0
DA:79,0
DA:80,1
DA:81,1
DA:84,1
DA:85,2
DA:89,2
DA:93,2
DA:95,2
DA:100,1
DA:103,1
LF:33
LH:30
BRDA:16,0,0,6
BRDA:21,1,0,1
BRDA:21,1,1,1
BRDA:22,2,0,2
BRDA:22,2,1,1
BRDA:28,3,0,5
BRDA:28,3,1,0
BRDA:28,4,0,5
BRDA:28,4,1,5
BRDA:66,5,0,1
BRDA:66,5,1,1
BRDA:74,6,0,0
BRDA:74,6,1,1
BRDA:80,7,0,1
BRDA:80,7,1,0
BRDA:84,8,0,1
BRDA:84,8,1,1
BRF:17
BRH:14
end_of_record
TN:
SF:src/services/backchannel-logout.service.ts
FN:21,constructor
FN:23,callAuthleteIssueToken
FN:44,(anonymous_2)
FN:56,issueToken
FN:64,issueAndDeliver
FN:114,issueAndDeliverToAll
FNF:6
FNH:4
FNDA:6,constructor
FNDA:2,callAuthleteIssueToken
FNDA:0,(anonymous_2)
FNDA:1,issueToken
FNDA:1,issueAndDeliver
FNDA:0,issueAndDeliverToAll
DA:21,6
DA:28,2
DA:30,2
DA:31,2
DA:32,2
DA:34,2
DA:43,2
DA:44,0
DA:45,0
DA:52,2
DA:53,2
DA:61,1
DA:69,1
DA:71,1
DA:72,0
DA:79,1
DA:80,1
DA:81,0
DA:89,1
DA:90,1
DA:98,1
DA:105,0
DA:118,0
DA:119,0
DA:121,0
DA:122,0
DA:123,0
DA:124,0
DA:126,0
DA:127,0
DA:128,0
DA:134,0
DA:135,0
DA:140,0
DA:143,0
DA:153,0
DA:154,0
DA:155,0
DA:157,0
DA:158,0
DA:159,0
DA:161,0
DA:162,0
DA:163,0
DA:166,0
DA:167,0
DA:168,0
DA:169,0
DA:173,0
LF:49
LH:17
BRDA:21,0,0,6
BRDA:31,1,0,2
BRDA:31,1,1,0
BRDA:32,2,0,0
BRDA:32,2,1,2
BRDA:43,3,0,0
BRDA:43,3,1,2
BRDA:48,4,0,0
BRDA:48,4,1,0
BRDA:71,5,0,0
BRDA:71,5,1,1
BRDA:71,6,0,1
BRDA:71,6,1,1
BRDA:75,7,0,0
BRDA:75,7,1,0
BRDA:80,8,0,0
BRDA:80,8,1,1
BRDA:108,9,0,0
BRDA:108,9,1,0
BRDA:134,10,0,0
BRDA:134,10,1,0
BRDA:153,11,0,0
BRDA:153,11,1,0
BRDA:155,12,0,0
BRDA:155,12,1,0
BRDA:157,13,0,0
BRDA:157,13,1,0
BRDA:158,14,0,0
BRDA:158,14,1,0
BRDA:168,15,0,0
BRDA:168,15,1,0
BRDA:168,16,0,0
BRDA:168,16,1,0
BRF:33
BRH:8
end_of_record
TN:
SF:src/services/ciba.service.ts
FN:11,constructor
FN:13,process
FN:41,issue
FN:50,fail
FN:59,complete
FNF:5
FNH:5
FNDA:6,constructor
FNDA:3,process
FNDA:2,issue
FNDA:2,fail
FNDA:2,complete
DA:11,6
DA:14,3
DA:15,3
DA:21,3
DA:22,1
DA:23,1
DA:24,1
DA:27,2
DA:29,2
DA:38,2
DA:42,2
DA:47,2
DA:51,2
DA:56,2
DA:70,2
DA:80,2
LF:16
LH:16
BRDA:11,0,0,6
BRDA:14,1,0,3
BRDA:14,1,1,2
BRDA:21,2,0,1
BRDA:21,2,1,2
BRF:5
BRH:5
end_of_record
TN:
SF:src/services/client.management.service.ts
FN:20,constructor
FN:21,list
FN:42,get
FN:62,create
FN:88,update
FN:113,delete
FN:133,updateLockFlag
FN:160,refreshSecret
FN:182,updateSecret
FN:213,listAuthorizations
FN:243,updateAuthorizations
FN:278,deleteAuthorizations
FN:306,getGrantedScopes
FN:334,deleteGrantedScopes
FN:362,getRequestableScopes
FN:382,updateRequestableScopes
FN:411,deleteRequestableScopes
FN:431,buildClientInput
FNF:18
FNH:6
FNDA:5,constructor
FNDA:2,list
FNDA:1,get
FNDA:2,create
FNDA:0,update
FNDA:1,delete
FNDA:0,updateLockFlag
FNDA:0,refreshSecret
FNDA:0,updateSecret
FNDA:0,listAuthorizations
FNDA:0,updateAuthorizations
FNDA:0,deleteAuthorizations
FNDA:0,getGrantedScopes
FNDA:0,deleteGrantedScopes
FNDA:0,getRequestableScopes
FNDA:0,updateRequestableScopes
FNDA:0,deleteRequestableScopes
FNDA:2,buildClientInput
DA:20,5
DA:22,2
DA:23,2
DA:24,2
DA:26,2
DA:27,2
DA:28,2
DA:30,2
DA:32,2
DA:39,2
DA:43,1
DA:44,1
DA:46,1
DA:47,0
DA:48,0
DA:49,0
DA:52,1
DA:54,1
DA:59,1
DA:63,2
DA:64,2
DA:65,2
DA:67,2
DA:68,0
DA:69,0
DA:70,0
DA:73,2
DA:75,2
DA:80,2
DA:85,2
DA:89,0
DA:90,0
DA:91,0
DA:92,0
DA:94,0
DA:95,0
DA:96,0
DA:97,0
DA:100,0
DA:102,0
DA:104,0
DA:110,0
DA:114,1
DA:115,1
DA:117,1
DA:118,0
DA:119,0
DA:120,0
DA:123,1
DA:125,1
DA:130,1
DA:134,0
DA:135,0
DA:136,0
DA:138,0
DA:139,0
DA:140,0
DA:141,0
DA:144,0
DA:146,0
DA:151,0
DA:157,0
DA:161,0
DA:162,0
DA:164,0
DA:165,0
DA:166,0
DA:167,0
DA:170,0
DA:174,0
DA:179,0
DA:183,0
DA:184,0
DA:185,0
DA:186,0
DA:188,0
DA:189,0
DA:190,0
DA:191,0
DA:194,0
DA:195,0
DA:196,0
DA:197,0
DA:200,0
DA:204,0
DA:210,0
DA:214,0
DA:215,0
DA:216,0
DA:217,0
DA:219,0
DA:220,0
DA:221,0
DA:223,0
DA:224,0
DA:225,0
DA:226,0
DA:229,0
DA:231,0
DA:240,0
DA:244,0
DA:245,0
DA:246,0
DA:247,0
DA:248,0
DA:250,0
DA:251,0
DA:252,0
DA:253,0
DA:255,0
DA:256,0
DA:257,0
DA:258,0
DA:261,0
DA:267,0
DA:269,0
DA:275,0
DA:279,0
DA:280,0
DA:281,0
DA:283,0
DA:284,0
DA:285,0
DA:286,0
DA:288,0
DA:289,0
DA:290,0
DA:291,0
DA:294,0
DA:296,0
DA:303,0
DA:307,0
DA:308,0
DA:309,0
DA:311,0
DA:312,0
DA:313,0
DA:314,0
DA:316,0
DA:317,0
DA:318,0
DA:319,0
DA:322,0
DA:324,0
DA:331,0
DA:335,0
DA:336,0
DA:337,0
DA:339,0
DA:340,0
DA:341,0
DA:342,0
DA:344,0
DA:345,0
DA:346,0
DA:347,0
DA:350,0
DA:352,0
DA:359,0
DA:363,0
DA:364,0
DA:366,0
DA:367,0
DA:368,0
DA:369,0
DA:372,0
DA:374,0
DA:379,0
DA:383,0
DA:384,0
DA:385,0
DA:386,0
DA:388,0
DA:389,0
DA:390,0
DA:391,0
DA:394,0
DA:400,0
DA:402,0
DA:408,0
DA:412,0
DA:413,0
DA:415,0
DA:416,0
DA:417,0
DA:418,0
DA:421,0
DA:423,0
DA:428,0
DA:432,2
DA:434,2
DA:435,2
DA:436,2
DA:437,2
DA:438,2
DA:439,2
DA:440,2
DA:441,2
DA:442,2
DA:443,2
DA:444,2
DA:445,2
DA:446,2
DA:447,2
DA:448,2
DA:449,2
DA:450,2
DA:451,2
DA:452,2
DA:453,2
DA:454,2
DA:455,2
DA:456,2
DA:457,2
DA:458,2
DA:459,2
DA:460,2
DA:461,2
DA:462,2
DA:463,2
DA:464,2
DA:465,2
DA:466,2
DA:467,2
DA:468,2
DA:469,2
DA:470,2
DA:471,2
DA:472,2
DA:473,2
DA:476,2
DA:477,2
DA:483,2
DA:484,0
DA:490,2
DA:491,0
DA:497,2
DA:498,0
DA:504,2
DA:505,0
DA:511,2
DA:512,0
DA:518,2
DA:519,0
DA:525,2
DA:526,2
DA:527,2
DA:528,2
DA:531,2
DA:532,0
DA:536,2
DA:538,2
LF:252
LH:86
BRDA:20,0,0,5
BRDA:22,1,0,2
BRDA:22,1,1,1
BRDA:26,2,0,2
BRDA:26,2,1,1
BRDA:26,2,2,1
BRDA:27,3,0,2
BRDA:27,3,1,1
BRDA:27,3,2,1
BRDA:28,4,0,2
BRDA:28,4,1,2
BRDA:28,4,2,2
BRDA:43,5,0,1
BRDA:43,5,1,1
BRDA:46,6,0,0
BRDA:46,6,1,1
BRDA:63,7,0,2
BRDA:63,7,1,1
BRDA:67,8,0,0
BRDA:67,8,1,2
BRDA:67,9,0,2
BRDA:67,9,1,2
BRDA:89,10,0,0
BRDA:89,10,1,0
BRDA:94,11,0,0
BRDA:94,11,1,0
BRDA:100,12,0,0
BRDA:100,12,1,0
BRDA:114,13,0,1
BRDA:114,13,1,1
BRDA:117,14,0,0
BRDA:117,14,1,1
BRDA:134,15,0,0
BRDA:134,15,1,0
BRDA:138,16,0,0
BRDA:138,16,1,0
BRDA:144,17,0,0
BRDA:144,17,1,0
BRDA:161,18,0,0
BRDA:161,18,1,0
BRDA:164,19,0,0
BRDA:164,19,1,0
BRDA:183,20,0,0
BRDA:183,20,1,0
BRDA:188,21,0,0
BRDA:188,21,1,0
BRDA:194,22,0,0
BRDA:194,22,1,0
BRDA:214,23,0,0
BRDA:214,23,1,0
BRDA:219,24,0,0
BRDA:219,24,1,0
BRDA:219,24,2,0
BRDA:220,25,0,0
BRDA:220,25,1,0
BRDA:220,25,2,0
BRDA:221,26,0,0
BRDA:221,26,1,0
BRDA:221,26,2,0
BRDA:223,27,0,0
BRDA:223,27,1,0
BRDA:244,28,0,0
BRDA:244,28,1,0
BRDA:250,29,0,0
BRDA:250,29,1,0
BRDA:255,30,0,0
BRDA:255,30,1,0
BRDA:261,31,0,0
BRDA:261,31,1,0
BRDA:263,32,0,0
BRDA:263,32,1,0
BRDA:279,33,0,0
BRDA:279,33,1,0
BRDA:283,34,0,0
BRDA:283,34,1,0
BRDA:288,35,0,0
BRDA:288,35,1,0
BRDA:307,36,0,0
BRDA:307,36,1,0
BRDA:311,37,0,0
BRDA:311,37,1,0
BRDA:316,38,0,0
BRDA:316,38,1,0
BRDA:335,39,0,0
BRDA:335,39,1,0
BRDA:339,40,0,0
BRDA:339,40,1,0
BRDA:344,41,0,0
BRDA:344,41,1,0
BRDA:363,42,0,0
BRDA:363,42,1,0
BRDA:366,43,0,0
BRDA:366,43,1,0
BRDA:383,44,0,0
BRDA:383,44,1,0
BRDA:388,45,0,0
BRDA:388,45,1,0
BRDA:394,46,0,0
BRDA:394,46,1,0
BRDA:396,47,0,0
BRDA:396,47,1,0
BRDA:412,48,0,0
BRDA:412,48,1,0
BRDA:415,49,0,0
BRDA:415,49,1,0
BRDA:434,50,0,2
BRDA:434,50,1,0
BRDA:435,51,0,0
BRDA:435,51,1,2
BRDA:436,52,0,0
BRDA:436,52,1,2
BRDA:437,53,0,0
BRDA:437,53,1,2
BRDA:438,54,0,0
BRDA:438,54,1,2
BRDA:439,55,0,0
BRDA:439,55,1,2
BRDA:440,56,0,0
BRDA:440,56,1,2
BRDA:441,57,0,0
BRDA:441,57,1,2
BRDA:442,58,0,0
BRDA:442,58,1,2
BRDA:443,59,0,0
BRDA:443,59,1,2
BRDA:444,60,0,0
BRDA:444,60,1,2
BRDA:445,61,0,0
BRDA:445,61,1,2
BRDA:446,62,0,0
BRDA:446,62,1,2
BRDA:447,63,0,0
BRDA:447,63,1,2
BRDA:448,64,0,0
BRDA:448,64,1,2
BRDA:449,65,0,0
BRDA:449,65,1,2
BRDA:450,66,0,0
BRDA:450,66,1,2
BRDA:451,67,0,0
BRDA:451,67,1,2
BRDA:452,68,0,0
BRDA:452,68,1,2
BRDA:453,69,0,0
BRDA:453,69,1,2
BRDA:454,70,0,0
BRDA:454,70,1,2
BRDA:455,71,0,0
BRDA:455,71,1,2
BRDA:456,72,0,0
BRDA:456,72,1,2
BRDA:457,73,0,0
BRDA:457,73,1,2
BRDA:458,74,0,0
BRDA:458,74,1,2
BRDA:459,75,0,0
BRDA:459,75,1,2
BRDA:460,76,0,0
BRDA:460,76,1,2
BRDA:461,77,0,0
BRDA:461,77,1,2
BRDA:462,78,0,0
BRDA:462,78,1,2
BRDA:463,79,0,0
BRDA:463,79,1,2
BRDA:464,80,0,0
BRDA:464,80,1,2
BRDA:465,81,0,0
BRDA:465,81,1,2
BRDA:466,82,0,0
BRDA:466,82,1,2
BRDA:467,83,0,0
BRDA:467,83,1,2
BRDA:468,84,0,0
BRDA:468,84,1,2
BRDA:469,85,0,0
BRDA:469,85,1,2
BRDA:470,86,0,0
BRDA:470,86,1,2
BRDA:471,87,0,0
BRDA:471,87,1,2
BRDA:472,88,0,0
BRDA:472,88,1,2
BRDA:473,89,0,0
BRDA:473,89,1,2
BRDA:476,90,0,2
BRDA:476,90,1,0
BRDA:477,91,0,2
BRDA:477,91,1,0
BRDA:483,92,0,0
BRDA:483,92,1,2
BRDA:484,93,0,0
BRDA:484,93,1,0
BRDA:490,94,0,0
BRDA:490,94,1,2
BRDA:491,95,0,0
BRDA:491,95,1,0
BRDA:497,96,0,0
BRDA:497,96,1,2
BRDA:498,97,0,0
BRDA:498,97,1,0
BRDA:504,98,0,0
BRDA:504,98,1,2
BRDA:505,99,0,0
BRDA:505,99,1,0
BRDA:511,100,0,0
BRDA:511,100,1,2
BRDA:512,101,0,0
BRDA:512,101,1,0
BRDA:518,102,0,0
BRDA:518,102,1,2
BRDA:519,103,0,0
BRDA:519,103,1,0
BRDA:525,104,0,0
BRDA:525,104,1,2
BRDA:526,105,0,0
BRDA:526,105,1,2
BRDA:527,106,0,0
BRDA:527,106,1,2
BRDA:528,107,0,0
BRDA:528,107,1,2
BRDA:531,108,0,0
BRDA:531,108,1,2
BRDA:531,109,0,2
BRDA:531,109,1,0
BRDA:536,110,0,0
BRDA:536,110,1,2
BRF:227
BRH:78
end_of_record
TN:
SF:src/services/dcr.service.ts
FN:7,constructor
FN:9,register
FN:29,get
FN:55,update
FN:87,delete
FNF:5
FNH:5
FNDA:6,constructor
FNDA:3,register
FNDA:2,get
FNDA:2,update
FNDA:2,delete
DA:7,6
DA:10,3
DA:11,3
DA:13,3
DA:14,1
DA:15,1
DA:16,1
DA:19,2
DA:21,2
DA:26,2
DA:30,2
DA:31,2
DA:33,2
DA:34,0
DA:35,0
DA:36,0
DA:39,2
DA:40,0
DA:41,0
DA:42,0
DA:45,2
DA:47,2
DA:52,2
DA:56,2
DA:57,2
DA:59,2
DA:60,0
DA:61,0
DA:62,0
DA:65,2
DA:66,0
DA:67,0
DA:68,0
DA:71,2
DA:72,0
DA:73,0
DA:74,0
DA:77,2
DA:79,2
DA:84,2
DA:88,2
DA:89,2
DA:91,2
DA:92,0
DA:93,0
DA:94,0
DA:97,2
DA:98,0
DA:99,0
DA:100,0
DA:103,2
DA:105,2
DA:110,2
LF:53
LH:32
BRDA:7,0,0,6
BRDA:10,1,0,3
BRDA:10,1,1,2
BRDA:13,2,0,1
BRDA:13,2,1,2
BRDA:30,3,0,2
BRDA:30,3,1,1
BRDA:33,4,0,0
BRDA:33,4,1,2
BRDA:39,5,0,0
BRDA:39,5,1,2
BRDA:56,6,0,2
BRDA:56,6,1,1
BRDA:59,7,0,0
BRDA:59,7,1,2
BRDA:65,8,0,0
BRDA:65,8,1,2
BRDA:71,9,0,0
BRDA:71,9,1,2
BRDA:88,10,0,2
BRDA:88,10,1,1
BRDA:91,11,0,0
BRDA:91,11,1,2
BRDA:97,12,0,0
BRDA:97,12,1,2
BRF:25
BRH:18
end_of_record
TN:
SF:src/services/discovery.service.ts
FN:7,constructor
FN:9,getConfiguration
FNF:2
FNH:2
FNDA:2,constructor
FNDA:2,getConfiguration
DA:7,2
DA:10,2
DA:11,2
DA:13,2
DA:18,2
LF:5
LH:5
BRDA:7,0,0,2
BRDA:10,1,0,2
BRDA:10,1,1,1
BRF:3
BRH:3
end_of_record
TN:
SF:src/services/grant-management.service.ts
FN:8,constructor
FN:10,query
FN:28,revoke
FN:47,extractBearerToken
FNF:4
FNH:4
FNDA:3,constructor
FNDA:2,query
FNDA:2,revoke
FNDA:4,extractBearerToken
DA:8,3
DA:11,2
DA:12,2
DA:14,2
DA:16,2
DA:25,2
DA:29,2
DA:30,2
DA:32,2
DA:34,2
DA:43,2
DA:48,4
DA:49,4
DA:50,4
DA:52,0
LF:15
LH:14
BRDA:8,0,0,3
BRDA:11,1,0,2
BRDA:11,1,1,1
BRDA:29,2,0,2
BRDA:29,2,1,1
BRDA:49,3,0,4
BRDA:49,3,1,0
BRDA:49,4,0,4
BRDA:49,4,1,4
BRF:9
BRH:8
end_of_record
TN:
SF:src/services/health.service.ts
FN:12,constructor
FN:14,checkAuthlete
FN:19,(anonymous_2)
FNF:3
FNH:2
FNDA:4,constructor
FNDA:4,checkAuthlete
FNDA:0,(anonymous_2)
DA:12,4
DA:15,4
DA:17,4
DA:18,4
DA:19,4
DA:20,4
DA:27,0
LF:7
LH:6
BRDA:12,0,0,4
BRDA:14,1,0,4
BRDA:15,2,0,1
BRDA:15,2,1,3
BRDA:23,3,0,4
BRDA:23,3,1,0
BRDA:29,4,0,0
BRDA:29,4,1,0
BRF:8
BRH:5
end_of_record
TN:
SF:src/services/introspection.service.ts
FN:13,constructor
FN:15,process
FN:76,standardProcess
FNF:3
FNH:3
FNDA:4,constructor
FNDA:2,process
FNDA:1,standardProcess
DA:13,4
DA:16,2
DA:17,2
DA:22,2
DA:27,2
DA:28,0
DA:32,2
DA:33,2
DA:34,0
DA:38,2
DA:39,0
DA:43,2
DA:44,2
DA:45,0
DA:49,2
DA:50,2
DA:51,2
DA:52,2
DA:53,0
DA:57,2
DA:58,2
DA:59,0
DA:60,0
DA:61,0
DA:62,0
DA:63,0
DA:66,2
DA:68,2
DA:72,2
DA:73,2
DA:77,1
DA:78,1
DA:82,1
DA:84,1
DA:86,0
DA:92,0
DA:93,0
DA:94,0
DA:95,0
DA:98,0
DA:101,1
DA:102,0
DA:106,1
DA:107,1
DA:108,0
DA:109,0
DA:110,0
DA:111,0
DA:112,0
DA:115,1
DA:119,1
DA:124,1
DA:125,1
DA:126,0
DA:130,1
DA:131,1
DA:132,0
DA:135,1
DA:140,1
LF:59
LH:35
BRDA:13,0,0,4
BRDA:16,1,0,2
BRDA:16,1,1,1
BRDA:27,2,0,0
BRDA:27,2,1,2
BRDA:28,3,0,0
BRDA:28,3,1,0
BRDA:32,4,0,0
BRDA:32,4,1,2
BRDA:33,5,0,0
BRDA:33,5,1,2
BRDA:34,6,0,0
BRDA:34,6,1,0
BRDA:38,7,0,0
BRDA:38,7,1,2
BRDA:39,8,0,0
BRDA:39,8,1,0
BRDA:43,9,0,0
BRDA:43,9,1,2
BRDA:44,10,0,0
BRDA:44,10,1,2
BRDA:45,11,0,0
BRDA:45,11,1,0
BRDA:49,12,0,0
BRDA:49,12,1,2
BRDA:50,13,0,0
BRDA:50,13,1,2
BRDA:51,14,0,0
BRDA:51,14,1,2
BRDA:52,15,0,0
BRDA:52,15,1,2
BRDA:58,16,0,0
BRDA:58,16,1,2
BRDA:62,17,0,0
BRDA:62,17,1,0
BRDA:77,18,0,1
BRDA:77,18,1,1
BRDA:84,19,0,0
BRDA:84,19,1,1
BRDA:94,20,0,0
BRDA:94,20,1,0
BRDA:94,21,0,0
BRDA:94,21,1,0
BRDA:94,21,2,0
BRDA:101,22,0,0
BRDA:101,22,1,1
BRDA:107,23,0,0
BRDA:107,23,1,1
BRDA:125,24,0,0
BRDA:125,24,1,1
BRDA:130,25,0,0
BRDA:130,25,1,1
BRDA:131,26,0,0
BRDA:131,26,1,1
BRF:54
BRH:22
end_of_record
TN:
SF:src/services/jwks.service.ts
FN:6,constructor
FN:8,serviceJwksGetApi
FNF:2
FNH:2
FNDA:2,constructor
FNDA:2,serviceJwksGetApi
DA:6,2
DA:9,2
DA:14,2
LF:3
LH:3
BRDA:6,0,0,2
BRF:1
BRH:1
end_of_record
TN:
SF:src/services/jwt-verification.service.ts
FN:16,constructor
FN:22,processJwtBearer
FNF:2
FNH:2
FNDA:9,constructor
FNDA:8,processJwtBearer
DA:17,9
DA:18,9
DA:19,9
DA:23,8
DA:24,8
DA:25,1
DA:32,7
DA:33,1
DA:40,6
DA:42,8
DA:52,6
DA:53,2
DA:60,4
DA:61,4
DA:62,0
DA:69,4
DA:70,4
DA:71,4
DA:72,4
DA:74,4
DA:83,8
DA:85,4
DA:87,1
DA:98,1
DA:100,1
DA:102,1
LF:26
LH:25
BRDA:17,0,0,9
BRDA:18,1,0,9
BRDA:19,2,0,9
BRDA:24,3,0,1
BRDA:24,3,1,7
BRDA:32,4,0,1
BRDA:32,4,1,6
BRDA:32,5,0,7
BRDA:32,5,1,2
BRDA:40,6,0,6
BRDA:40,6,1,5
BRDA:52,7,0,2
BRDA:52,7,1,4
BRDA:52,8,0,6
BRDA:52,8,1,4
BRDA:61,9,0,0
BRDA:61,9,1,4
BRDA:61,10,0,4
BRDA:61,10,1,4
BRDA:61,10,2,4
BRDA:79,11,0,0
BRDA:79,11,1,4
BRDA:85,12,0,4
BRDA:85,12,1,1
BRDA:85,12,2,1
BRDA:85,12,3,1
BRDA:91,13,0,1
BRDA:91,13,1,0
BRDA:93,14,0,1
BRDA:93,14,1,0
BRF:30
BRH:26
end_of_record
TN:
SF:src/services/login.service.ts
FN:3,requiredUsers
FN:10,(anonymous_1)
FN:19,validateUser
FN:20,(anonymous_3)
FNF:4
FNH:4
FNDA:2,requiredUsers
FNDA:3,(anonymous_1)
FNDA:3,validateUser
FNDA:5,(anonymous_3)
DA:4,2
DA:5,2
DA:7,0
DA:8,0
DA:10,2
DA:11,3
DA:12,3
DA:16,2
DA:20,3
DA:21,5
DA:23,3
DA:24,1
LF:12
LH:10
BRDA:5,0,0,0
BRDA:5,0,1,2
BRDA:21,1,0,5
BRDA:21,1,1,2
BRDA:23,2,0,2
BRDA:23,2,1,1
BRF:6
BRH:5
end_of_record
TN:
SF:src/services/logout.service.ts
FN:8,constructor
FN:10,rpInitiatedLogout
FN:56,(anonymous_2)
FN:66,(anonymous_3)
FN:71,(anonymous_4)
FNF:5
FNH:4
FNDA:3,constructor
FNDA:3,rpInitiatedLogout
FNDA:3,(anonymous_2)
FNDA:2,(anonymous_3)
FNDA:0,(anonymous_4)
DA:8,3
DA:14,3
DA:17,3
DA:20,3
DA:22,3
DA:23,0
DA:24,0
DA:25,0
DA:26,0
DA:27,0
DA:30,0
DA:34,3
DA:43,3
DA:44,3
DA:45,1
DA:46,1
DA:47,1
DA:49,0
DA:56,3
DA:57,3
DA:59,3
DA:62,3
DA:64,3
DA:65,1
DA:66,2
DA:69,1
DA:71,0
DA:73,1
DA:74,1
DA:75,1
DA:79,1
DA:80,1
DA:83,0
DA:89,2
LF:34
LH:25
BRDA:8,0,0,3
BRDA:14,1,0,3
BRDA:14,1,1,3
BRDA:22,2,0,0
BRDA:22,2,1,3
BRDA:22,3,0,3
BRDA:22,3,1,0
BRDA:25,4,0,0
BRDA:25,4,1,0
BRDA:44,5,0,1
BRDA:44,5,1,2
BRDA:44,6,0,3
BRDA:44,6,1,1
BRDA:50,7,0,0
BRDA:50,7,1,0
BRDA:57,8,0,0
BRDA:57,8,1,3
BRDA:62,9,0,3
BRDA:62,9,1,0
BRDA:64,10,0,1
BRDA:64,10,1,2
BRDA:66,11,0,1
BRDA:66,11,1,0
BRDA:69,12,0,1
BRDA:69,12,1,1
BRDA:69,12,2,0
BRDA:73,13,0,1
BRDA:73,13,1,0
BRDA:74,14,0,0
BRDA:74,14,1,1
BRDA:75,15,0,0
BRDA:75,15,1,1
BRDA:90,16,0,2
BRDA:90,16,1,2
BRDA:90,16,2,0
BRDA:92,17,0,3
BRDA:92,17,1,0
BRDA:93,18,0,1
BRDA:93,18,1,1
BRF:39
BRH:24
end_of_record
TN:
SF:src/services/par.service.ts
FN:8,constructor
FN:10,process
FNF:2
FNH:2
FNDA:3,constructor
FNDA:3,process
DA:8,3
DA:11,3
DA:12,3
DA:18,3
DA:19,1
DA:20,1
DA:21,1
DA:24,2
DA:26,2
DA:32,2
DA:37,2
LF:11
LH:11
BRDA:8,0,0,3
BRDA:11,1,0,3
BRDA:11,1,1,2
BRDA:18,2,0,1
BRDA:18,2,1,2
BRF:5
BRH:5
end_of_record
TN:
SF:src/services/revocation.service.ts
FN:11,constructor
FN:13,process
FNF:2
FNH:2
FNDA:4,constructor
FNDA:4,process
DA:11,4
DA:14,4
DA:15,4
DA:18,4
DA:19,4
DA:22,4
DA:23,4
DA:24,2
DA:28,2
DA:29,2
DA:33,4
DA:34,4
DA:37,4
DA:39,4
DA:40,1
DA:41,1
DA:42,0
DA:54,0
DA:57,1
DA:60,4
DA:61,1
DA:64,3
DA:69,3
DA:77,3
DA:82,3
DA:87,3
LF:26
LH:24
BRDA:11,0,0,4
BRDA:14,1,0,4
BRDA:14,1,1,3
BRDA:23,2,0,2
BRDA:23,2,1,2
BRDA:39,3,0,1
BRDA:39,3,1,3
BRDA:42,4,0,0
BRDA:42,4,1,0
BRDA:43,5,0,0
BRDA:43,5,1,0
BRDA:43,5,2,0
BRDA:60,6,0,1
BRDA:60,6,1,3
BRF:14
BRH:9
end_of_record
TN:
SF:src/services/token.operations.service.ts
FN:21,constructor
FN:23,normalizeGrantType
FN:39,create
FN:110,update
FN:154,delete
FN:163,list
FN:173,reissueIdToken
FN:194,revoke
FN:209,localSignedToken
FNF:9
FNH:7
FNDA:14,constructor
FNDA:2,normalizeGrantType
FNDA:2,create
FNDA:1,update
FNDA:1,delete
FNDA:2,list
FNDA:0,reissueIdToken
FNDA:1,revoke
FNDA:0,localSignedToken
DA:21,14
DA:24,2
DA:35,2
DA:36,2
DA:40,2
DA:44,2
DA:45,2
DA:48,2
DA:49,2
DA:50,2
DA:51,0
DA:52,0
DA:53,0
DA:57,2
DA:58,2
DA:60,2
DA:67,2
DA:68,0
DA:69,2
DA:70,0
DA:75,2
DA:76,2
DA:77,2
DA:78,2
DA:79,2
DA:80,2
DA:81,2
DA:82,2
DA:83,2
DA:84,2
DA:85,2
DA:86,2
DA:87,2
DA:90,2
DA:91,0
DA:96,2
DA:102,2
DA:107,2
DA:111,1
DA:112,1
DA:114,1
DA:119,1
DA:120,1
DA:121,0
DA:122,1
DA:123,0
DA:128,1
DA:129,1
DA:130,0
DA:132,1
DA:133,1
DA:134,1
DA:135,1
DA:136,1
DA:137,1
DA:138,0
DA:140,1
DA:142,1
DA:146,1
DA:151,1
DA:155,1
DA:160,1
DA:164,2
DA:166,2
DA:170,2
DA:174,0
DA:175,0
DA:180,0
DA:181,0
DA:182,0
DA:183,0
DA:186,0
DA:191,0
DA:195,1
DA:196,1
DA:201,1
DA:206,1
DA:217,0
DA:218,0
LF:79
LH:59
BRDA:21,0,0,14
BRDA:36,1,0,2
BRDA:36,1,1,0
BRDA:40,2,0,2
BRDA:40,2,1,1
BRDA:44,3,0,2
BRDA:44,3,1,2
BRDA:45,4,0,2
BRDA:45,4,1,0
BRDA:48,5,0,2
BRDA:48,5,1,0
BRDA:50,6,0,0
BRDA:50,6,1,2
BRDA:57,7,0,2
BRDA:57,7,1,1
BRDA:57,7,2,0
BRDA:58,8,0,2
BRDA:58,8,1,2
BRDA:67,9,0,0
BRDA:67,9,1,2
BRDA:69,10,0,0
BRDA:69,10,1,2
BRDA:70,11,0,0
BRDA:70,11,1,0
BRDA:75,12,0,0
BRDA:75,12,1,2
BRDA:76,13,0,0
BRDA:76,13,1,2
BRDA:77,14,0,0
BRDA:77,14,1,2
BRDA:78,15,0,0
BRDA:78,15,1,2
BRDA:79,16,0,0
BRDA:79,16,1,2
BRDA:80,17,0,0
BRDA:80,17,1,2
BRDA:81,18,0,0
BRDA:81,18,1,2
BRDA:82,19,0,0
BRDA:82,19,1,2
BRDA:83,20,0,0
BRDA:83,20,1,2
BRDA:84,21,0,0
BRDA:84,21,1,2
BRDA:85,22,0,0
BRDA:85,22,1,2
BRDA:86,23,0,0
BRDA:86,23,1,2
BRDA:87,24,0,0
BRDA:87,24,1,2
BRDA:90,25,0,0
BRDA:90,25,1,2
BRDA:91,26,0,0
BRDA:91,26,1,0
BRDA:111,27,0,1
BRDA:111,27,1,1
BRDA:119,28,0,1
BRDA:119,28,1,1
BRDA:120,29,0,0
BRDA:120,29,1,1
BRDA:122,30,0,0
BRDA:122,30,1,1
BRDA:123,31,0,0
BRDA:123,31,1,0
BRDA:128,32,0,0
BRDA:128,32,1,1
BRDA:129,33,0,0
BRDA:129,33,1,1
BRDA:132,34,0,0
BRDA:132,34,1,1
BRDA:133,35,0,0
BRDA:133,35,1,1
BRDA:134,36,0,0
BRDA:134,36,1,1
BRDA:135,37,0,0
BRDA:135,37,1,1
BRDA:136,38,0,0
BRDA:136,38,1,1
BRDA:137,39,0,0
BRDA:137,39,1,1
BRDA:140,40,0,0
BRDA:140,40,1,1
BRDA:180,41,0,0
BRDA:180,41,1,0
BRDA:180,42,0,0
BRDA:180,42,1,0
BRF:86
BRH:44
end_of_record
TN:
SF:src/services/token.service.ts
FN:15,constructor
FN:17,process
FN:97,fail
FN:106,issue
FNF:4
FNH:4
FNDA:4,constructor
FNDA:2,process
FNDA:1,fail
FNDA:1,issue
DA:15,4
DA:18,2
DA:22,2
DA:26,2
DA:27,2
DA:29,2
DA:30,2
DA:31,2
DA:32,2
DA:33,2
DA:36,2
DA:40,2
DA:42,2
DA:45,1
DA:46,1
DA:47,1
DA:48,2
DA:49,2
DA:52,1
DA:55,2
DA:61,2
DA:68,2
DA:69,2
DA:70,0
DA:71,0
DA:72,0
DA:73,0
DA:74,0
DA:78,2
DA:79,2
DA:80,2
DA:81,2
DA:83,2
DA:89,2
DA:94,2
DA:98,1
DA:103,1
DA:107,1
DA:112,1
LF:39
LH:34
BRDA:15,0,0,4
BRDA:18,1,0,2
BRDA:18,1,1,1
BRDA:26,2,0,2
BRDA:26,2,1,2
BRDA:27,3,0,2
BRDA:27,3,1,2
BRDA:30,4,0,2
BRDA:30,4,1,0
BRDA:42,5,0,1
BRDA:42,5,1,1
BRDA:48,6,0,2
BRDA:48,6,1,0
BRDA:48,7,0,2
BRDA:48,7,1,2
BRDA:48,7,2,2
BRDA:69,8,0,0
BRDA:69,8,1,2
BRDA:73,9,0,0
BRDA:73,9,1,0
BRDA:80,10,0,0
BRDA:80,10,1,2
BRDA:81,11,0,0
BRDA:81,11,1,2
BRF:24
BRH:17
end_of_record
TN:
SF:src/services/userinfo.service.ts
FN:13,constructor
FN:15,process
FN:36,issue
FNF:3
FNH:3
FNDA:4,constructor
FNDA:3,process
FNDA:1,issue
DA:13,4
DA:17,3
DA:19,3
DA:20,2
DA:21,2
DA:23,3
DA:24,3
DA:27,3
DA:32,3
DA:40,1
DA:45,1
LF:11
LH:11
BRDA:13,0,0,4
BRDA:17,1,0,1
BRDA:17,1,1,2
BRDA:17,2,0,2
BRDA:17,2,1,1
BRDA:19,3,0,2
BRDA:19,3,1,1
BRDA:20,4,0,2
BRDA:20,4,1,0
BRDA:23,5,0,3
BRDA:23,5,1,2
BRF:11
BRH:10
end_of_record
TN:
SF:src/utils/createLocalJWT.ts
FN:7,(anonymous_0)
FNF:1
FNH:1
FNDA:5,(anonymous_0)
DA:4,5
DA:5,5
DA:7,5
DA:9,5
DA:24,5
LF:5
LH:5
BRF:0
BRH:0
end_of_record
TN:
SF:src/utils/crypto.ts
FN:2,(anonymous_0)
FN:4,(anonymous_1)
FN:9,base64UrlEncode
FN:18,generateCodeVerifier
FN:29,generateCodeChallenge
FN:35,createPkcePair
FNF:6
FNH:6
FNDA:6,(anonymous_0)
FNDA:1150,(anonymous_1)
FNDA:5,base64UrlEncode
FNDA:5,generateCodeVerifier
FNDA:5,generateCodeChallenge
FNDA:5,createPkcePair
DA:2,1
DA:3,6
DA:4,1150
DA:10,5
DA:11,5
DA:12,5
DA:13,160
DA:15,5
DA:19,5
DA:20,5
DA:21,5
DA:22,5
DA:23,5
DA:24,320
DA:26,5
DA:30,5
DA:31,5
DA:32,5
DA:36,5
DA:37,5
DA:38,5
LF:21
LH:21
BRDA:18,0,0,5
BRF:1
BRH:1
end_of_record
TN:
SF:src/utils/env.ts
FN:1,required
FNF:1
FNH:1
FNDA:77,required
DA:2,77
DA:3,77
DA:4,0
DA:6,77
LF:4
LH:3
BRDA:3,0,0,0
BRDA:3,0,1,77
BRDA:3,1,0,77
BRDA:3,1,1,77
BRF:4
BRH:3
end_of_record
TN:
SF:src/utils/jwksClient.ts
FN:21,constructor
FN:25,fetchJwks
FN:56,getPublicKey
FN:58,(anonymous_3)
FN:66,getAllPublicKeys
FN:68,(anonymous_5)
FNF:6
FNH:6
FNDA:6,constructor
FNDA:7,fetchJwks
FNDA:3,getPublicKey
FNDA:3,(anonymous_3)
FNDA:1,getAllPublicKeys
FNDA:2,(anonymous_5)
DA:21,6
DA:23,6
DA:26,7
DA:29,7
DA:30,1
DA:34,6
DA:36,6
DA:37,1
DA:41,1
DA:46,5
DA:48,5
DA:53,5
DA:57,3
DA:58,3
DA:60,2
DA:63,1
DA:67,1
DA:68,2
LF:18
LH:18
BRDA:21,0,0,6
BRDA:29,1,0,1
BRDA:29,1,1,6
BRDA:29,2,0,7
BRDA:29,2,1,1
BRDA:36,3,0,1
BRDA:36,3,1,5
BRDA:60,4,0,1
BRDA:60,4,1,1
BRF:9
BRH:9
end_of_record
TN:
SF:src/utils/logger.ts
FN:33,(anonymous_0)
FN:47,createCallableLogger
FN:51,(anonymous_2)
FNF:3
FNH:2
FNDA:89,(anonymous_0)
FNDA:43,createCallableLogger
FNDA:0,(anonymous_2)
DA:5,20
DA:7,20
DA:13,20
DA:21,20
DA:29,20
DA:34,89
DA:48,43
DA:49,43
DA:50,43
DA:51,43
DA:52,43
DA:55,20
LF:12
LH:12
BRDA:8,0,0,20
BRDA:8,0,1,0
BRDA:34,1,0,89
BRDA:34,1,1,65
BRDA:48,2,0,0
BRDA:48,2,1,43
BRF:6
BRH:4
end_of_record
TN:
SF:src/utils/validate.ts
FN:1,validateRequired
FN:14,validateAuthorizationParams
FN:23,validateTokenParams
FN:29,validateIntrospectionParams
FNF:4
FNH:4
FNDA:17,validateRequired
FNDA:5,validateAuthorizationParams
FNDA:3,validateTokenParams
FNDA:3,validateIntrospectionParams
DA:5,17
DA:6,23
DA:7,23
DA:8,8
DA:11,9
DA:17,5
DA:18,2
DA:20,3
DA:26,3
DA:32,3
LF:10
LH:10
BRDA:7,0,0,8
BRDA:7,0,1,15
BRDA:7,1,0,23
BRDA:7,1,1,17
BRDA:7,1,2,16
BRDA:17,2,0,2
BRDA:17,2,1,3
BRF:7
BRH:7
end_of_record
